Using pre-set license
Built from '2020.3/staging' branch; Version is '2020.3.24f1 (79c78de19888) revision 7980941'; Using compiler version '192528614'; Build Type 'Release'
OS: 'Windows 10  (10.0.19043) 64bit Professional' Language: 'en' Physical Memory: 7387 MB
BatchMode: 1, IsHumanControllingUs: 0, StartBugReporterOnCrash: 0, Is64bit: 1, IsPro: 0

COMMAND LINE ARGUMENTS:
C:\Program Files\Unity\Hub\Editor\2020.3.24f1\Editor\Unity.exe
-adb2
-batchMode
-noUpm
-name
AssetImportWorker7
-projectPath
C:/Users/lezh/OneDrive/Documents/GitHub/CribInSchool/level 1 v 0.0.1
-logFile
Logs/AssetImportWorker7.log
-srvPort
50112
Successfully changed project path to: C:/Users/lezh/OneDrive/Documents/GitHub/CribInSchool/level 1 v 0.0.1
C:/Users/lezh/OneDrive/Documents/GitHub/CribInSchool/level 1 v 0.0.1
Using Asset Import Pipeline V2.
Refreshing native plugins compatible for Editor in 721.62 ms, found 2 plugins.
Preloading 0 native plugins for Editor in 0.00 ms.
Initialize engine version: 2020.3.24f1 (79c78de19888)
[Subsystems] Discovering subsystems at path C:/Program Files/Unity/Hub/Editor/2020.3.24f1/Editor/Data/Resources/UnitySubsystems
[Subsystems] Discovering subsystems at path C:/Users/lezh/OneDrive/Documents/GitHub/CribInSchool/level 1 v 0.0.1/Assets
GfxDevice: creating device client; threaded=0
Direct3D:
    Version:  Direct3D 11.0 [level 11.1]
    Renderer: AMD Radeon(TM) R5 Graphics (ID=0x98e4)
    Vendor:   
    VRAM:     3693 MB
    Driver:   27.20.14501.28009
Initialize mono
Mono path[0] = 'C:/Program Files/Unity/Hub/Editor/2020.3.24f1/Editor/Data/Managed'
Mono path[1] = 'C:/Program Files/Unity/Hub/Editor/2020.3.24f1/Editor/Data/MonoBleedingEdge/lib/mono/unityjit'
Mono config path = 'C:/Program Files/Unity/Hub/Editor/2020.3.24f1/Editor/Data/MonoBleedingEdge/etc'
Using monoOptions --debugger-agent=transport=dt_socket,embedding=1,server=y,suspend=n,address=127.0.0.1:56296
Begin MonoManager ReloadAssembly
Registering precompiled unity dll's ...
Register platform support module: C:/Program Files/Unity/Hub/Editor/2020.3.24f1/Editor/Data/PlaybackEngines/WindowsStandaloneSupport/UnityEditor.WindowsStandalone.Extensions.dll
Registered in 0.023812 seconds.
Native extension for WindowsStandalone target not found
Refreshing native plugins compatible for Editor in 409.23 ms, found 2 plugins.
Preloading 0 native plugins for Editor in 0.00 ms.
Mono: successfully reloaded assembly
- Completed reload, in  5.277 seconds
Domain Reload Profiling:
	ReloadAssembly (5277ms)
		BeginReloadAssembly (488ms)
			ExecutionOrderSort (0ms)
			DisableScriptedObjects (0ms)
			BackupInstance (0ms)
			ReleaseScriptingObjects (0ms)
			CreateAndSetChildDomain (17ms)
		EndReloadAssembly (4153ms)
			LoadAssemblies (468ms)
			RebuildTransferFunctionScriptingTraits (1ms)
			SetupTypeCache (1363ms)
			ReleaseScriptCaches (0ms)
			RebuildScriptCaches (273ms)
			SetupLoadedEditorAssemblies (1605ms)
				LogAssemblyErrors (0ms)
				InitializePlatformSupportModulesInManaged (26ms)
				SetLoadedEditorAssemblies (2ms)
				RefreshPlugins (410ms)
				BeforeProcessingInitializeOnLoad (126ms)
				ProcessInitializeOnLoadAttributes (751ms)
				ProcessInitializeOnLoadMethodAttributes (288ms)
				AfterProcessingInitializeOnLoad (0ms)
				EditorAssembliesLoaded (1ms)
			ExecutionOrderSort2 (0ms)
			AwakeInstancesAfterBackupRestoration (0ms)
Platform modules already initialized, skipping
Registering precompiled user dll's ...
Registered in 0.052864 seconds.
Begin MonoManager ReloadAssembly
Native extension for WindowsStandalone target not found
Refreshing native plugins compatible for Editor in 355.48 ms, found 2 plugins.
Preloading 0 native plugins for Editor in 0.00 ms.
Mono: successfully reloaded assembly
- Completed reload, in  8.824 seconds
Domain Reload Profiling:
	ReloadAssembly (8860ms)
		BeginReloadAssembly (1059ms)
			ExecutionOrderSort (0ms)
			DisableScriptedObjects (33ms)
			BackupInstance (0ms)
			ReleaseScriptingObjects (0ms)
			CreateAndSetChildDomain (116ms)
		EndReloadAssembly (7231ms)
			LoadAssemblies (829ms)
			RebuildTransferFunctionScriptingTraits (0ms)
			SetupTypeCache (2179ms)
			ReleaseScriptCaches (2ms)
			RebuildScriptCaches (413ms)
			SetupLoadedEditorAssemblies (2994ms)
				LogAssemblyErrors (0ms)
				InitializePlatformSupportModulesInManaged (24ms)
				SetLoadedEditorAssemblies (1ms)
				RefreshPlugins (356ms)
				BeforeProcessingInitializeOnLoad (581ms)
				ProcessInitializeOnLoadAttributes (1616ms)
				ProcessInitializeOnLoadMethodAttributes (382ms)
				AfterProcessingInitializeOnLoad (34ms)
				EditorAssembliesLoaded (0ms)
			ExecutionOrderSort2 (0ms)
			AwakeInstancesAfterBackupRestoration (92ms)
Platform modules already initialized, skipping
========================================================================
Worker process is ready to serve import requests
Launched and connected shader compiler UnityShaderCompiler.exe after 0.62 seconds
Refreshing native plugins compatible for Editor in 3.48 ms, found 2 plugins.
Preloading 0 native plugins for Editor in 0.00 ms.
Unloading 2280 Unused Serialized files (Serialized files now loaded: 0)
System memory in use before: 104.4 MB.
System memory in use after: 104.6 MB.

Unloading 57 unused Assets to reduce memory usage. Loaded Objects now: 2704.
Total: 45.274100 ms (FindLiveObjects: 10.078700 ms CreateObjectMapping: 0.405200 ms MarkObjects: 34.698800 ms  DeleteObjects: 0.086400 ms)

AssetImportParameters requested are different than current active one (requested -> active):
  custom:framework-win-MediaFoundation: 216162199b28c13a410421893ffa2e32 -> 
  custom:video-decoder-ogg-theora: a1e56fd34408186e4bbccfd4996cb3dc -> 
  custom:container-muxer-webm: aa71ff27fc2769a1b78a27578f13a17b -> 
  custom:container-demuxer-webm: 4f35f7cbe854078d1ac9338744f61a02 -> 
  custom:container-demuxer-ogg: 62fdf1f143b41e24485cea50d1cbac27 -> 
  custom:video-encoder-webm-vp8: eb34c28f22e8b96e1ab97ce403110664 -> 
  custom:video-decoder-webm-vp8: 9c59270c3fd7afecdb556c50c9e8de78 -> 
  custom:audio-decoder-ogg-vorbis: bf7c407c2cedff20999df2af8eb42d56 -> 
  custom:audio-encoder-webm-vorbis: bf7c407c2cedff20999df2af8eb42d56 -> 
========================================================================
Received Import Request.
  path: Assets/Aset2D/Background/bg hitam utk belakang frame option, level set, dll.png
  artifactKey: Guid(93f47d54d08d88046a9fa641b6195a7e) Importer(815301076,1909f56bfc062723c751e8b465ee728b)
Start importing Assets/Aset2D/Background/bg hitam utk belakang frame option, level set, dll.png using Guid(93f47d54d08d88046a9fa641b6195a7e) Importer(815301076,1909f56bfc062723c751e8b465ee728b)  -> (artifact id: 'dd1b5ca85ed1f7f35d1f76d21887ff01') in 1.206329 seconds 
  Import took 1.250586 seconds .

========================================================================
Received Import Request.
  Time since last request: 36.658082 seconds.
  path: Assets/Aset2D/aset puzzle sliding pattern/lvl 1 new/P1(lv1).png
  artifactKey: Guid(2726e5da5fb21ae48b7874e0da3c700d) Importer(815301076,1909f56bfc062723c751e8b465ee728b)
Start importing Assets/Aset2D/aset puzzle sliding pattern/lvl 1 new/P1(lv1).png using Guid(2726e5da5fb21ae48b7874e0da3c700d) Importer(815301076,1909f56bfc062723c751e8b465ee728b)  -> (artifact id: '85523876b2d3b850d4669e4e062e9fab') in 0.227957 seconds 
  Import took 0.267563 seconds .

========================================================================
Received Import Request.
  Time since last request: 86.997067 seconds.
  path: Assets/Aset2D/Sprites/P9.png
  artifactKey: Guid(8bf6362d1e02206458d0807d6b0ce288) Importer(815301076,1909f56bfc062723c751e8b465ee728b)
Start importing Assets/Aset2D/Sprites/P9.png using Guid(8bf6362d1e02206458d0807d6b0ce288) Importer(815301076,1909f56bfc062723c751e8b465ee728b)  -> (artifact id: '36acae44760550fa247177902e3ff573') in 0.337812 seconds 
  Import took 0.384455 seconds .

========================================================================
Received Import Request.
  Time since last request: 4.764240 seconds.
  path: Assets/Aset2D/aset puzzle sliding pattern/lvl 1 new/P8(lv1).png
  artifactKey: Guid(9066481cfa3fb484482419acbf2ee082) Importer(815301076,1909f56bfc062723c751e8b465ee728b)
Start importing Assets/Aset2D/aset puzzle sliding pattern/lvl 1 new/P8(lv1).png using Guid(9066481cfa3fb484482419acbf2ee082) Importer(815301076,1909f56bfc062723c751e8b465ee728b)  -> (artifact id: '817584de479c4fba26d70f242649d075') in 0.164320 seconds 
  Import took 0.198899 seconds .

========================================================================
Received Import Request.
  Time since last request: 66.388817 seconds.
  path: Assets/Aset2D/aset puzzle sliding pattern/lvl 1 new/P5(lv1).png
  artifactKey: Guid(a6be46b9367c1374b9f70501028f3853) Importer(815301076,1909f56bfc062723c751e8b465ee728b)
Start importing Assets/Aset2D/aset puzzle sliding pattern/lvl 1 new/P5(lv1).png using Guid(a6be46b9367c1374b9f70501028f3853) Importer(815301076,1909f56bfc062723c751e8b465ee728b)  -> (artifact id: 'a3c411bb6859eaf244c81d58b99da3be') in 0.125241 seconds 
  Import took 0.157431 seconds .

========================================================================
Received Import Request.
  Time since last request: 23.295360 seconds.
  path: Assets/Aset2D/Sprites/P1.png
  artifactKey: Guid(127954e36a0954f4c8c9d5604070a3a6) Importer(815301076,1909f56bfc062723c751e8b465ee728b)
Start importing Assets/Aset2D/Sprites/P1.png using Guid(127954e36a0954f4c8c9d5604070a3a6) Importer(815301076,1909f56bfc062723c751e8b465ee728b)  -> (artifact id: '95e1175072f3b3405f3eefe47f9f7400') in 0.229786 seconds 
  Import took 0.304165 seconds .

========================================================================
Received Prepare
Registering precompiled user dll's ...
Registered in 0.010327 seconds.
Begin MonoManager ReloadAssembly
Native extension for WindowsStandalone target not found
Refreshing native plugins compatible for Editor in 1.68 ms, found 2 plugins.
Preloading 0 native plugins for Editor in 0.00 ms.
Mono: successfully reloaded assembly
- Completed reload, in  2.715 seconds
Domain Reload Profiling:
	ReloadAssembly (2716ms)
		BeginReloadAssembly (553ms)
			ExecutionOrderSort (0ms)
			DisableScriptedObjects (11ms)
			BackupInstance (0ms)
			ReleaseScriptingObjects (0ms)
			CreateAndSetChildDomain (80ms)
		EndReloadAssembly (2009ms)
			LoadAssemblies (334ms)
			RebuildTransferFunctionScriptingTraits (0ms)
			SetupTypeCache (627ms)
			ReleaseScriptCaches (2ms)
			RebuildScriptCaches (101ms)
			SetupLoadedEditorAssemblies (780ms)
				LogAssemblyErrors (0ms)
				InitializePlatformSupportModulesInManaged (9ms)
				SetLoadedEditorAssemblies (1ms)
				RefreshPlugins (2ms)
				BeforeProcessingInitializeOnLoad (178ms)
				ProcessInitializeOnLoadAttributes (486ms)
				ProcessInitializeOnLoadMethodAttributes (91ms)
				AfterProcessingInitializeOnLoad (13ms)
				EditorAssembliesLoaded (0ms)
			ExecutionOrderSort2 (0ms)
			AwakeInstancesAfterBackupRestoration (80ms)
Platform modules already initialized, skipping
Refreshing native plugins compatible for Editor in 2.21 ms, found 2 plugins.
Preloading 0 native plugins for Editor in 0.00 ms.
Unloading 2261 Unused Serialized files (Serialized files now loaded: 0)
System memory in use before: 106.0 MB.
System memory in use after: 106.2 MB.

Unloading 49 unused Assets to reduce memory usage. Loaded Objects now: 2718.
Total: 13.976100 ms (FindLiveObjects: 0.565600 ms CreateObjectMapping: 0.200900 ms MarkObjects: 13.130800 ms  DeleteObjects: 0.075400 ms)

AssetImportParameters requested are different than current active one (requested -> active):
  custom:framework-win-MediaFoundation: 216162199b28c13a410421893ffa2e32 -> 
  custom:video-decoder-ogg-theora: a1e56fd34408186e4bbccfd4996cb3dc -> 
  custom:container-muxer-webm: aa71ff27fc2769a1b78a27578f13a17b -> 
  custom:container-demuxer-webm: 4f35f7cbe854078d1ac9338744f61a02 -> 
  custom:container-demuxer-ogg: 62fdf1f143b41e24485cea50d1cbac27 -> 
  custom:video-encoder-webm-vp8: eb34c28f22e8b96e1ab97ce403110664 -> 
  custom:video-decoder-webm-vp8: 9c59270c3fd7afecdb556c50c9e8de78 -> 
  custom:audio-decoder-ogg-vorbis: bf7c407c2cedff20999df2af8eb42d56 -> 
  custom:audio-encoder-webm-vorbis: bf7c407c2cedff20999df2af8eb42d56 -> 
========================================================================
Received Prepare
Registering precompiled user dll's ...
Registered in 3.739949 seconds.
Begin MonoManager ReloadAssembly
Native extension for WindowsStandalone target not found
Refreshing native plugins compatible for Editor in 2.09 ms, found 2 plugins.
Preloading 0 native plugins for Editor in 0.00 ms.
Mono: successfully reloaded assembly
- Completed reload, in  8.589 seconds
Domain Reload Profiling:
	ReloadAssembly (8591ms)
		BeginReloadAssembly (387ms)
			ExecutionOrderSort (0ms)
			DisableScriptedObjects (25ms)
			BackupInstance (0ms)
			ReleaseScriptingObjects (0ms)
			CreateAndSetChildDomain (117ms)
		EndReloadAssembly (7996ms)
			LoadAssemblies (832ms)
			RebuildTransferFunctionScriptingTraits (0ms)
			SetupTypeCache (2174ms)
			ReleaseScriptCaches (175ms)
			RebuildScriptCaches (557ms)
			SetupLoadedEditorAssemblies (3462ms)
				LogAssemblyErrors (0ms)
				InitializePlatformSupportModulesInManaged (27ms)
				SetLoadedEditorAssemblies (1ms)
				RefreshPlugins (2ms)
				BeforeProcessingInitializeOnLoad (334ms)
				ProcessInitializeOnLoadAttributes (1311ms)
				ProcessInitializeOnLoadMethodAttributes (1758ms)
				AfterProcessingInitializeOnLoad (28ms)
				EditorAssembliesLoaded (1ms)
			ExecutionOrderSort2 (0ms)
			AwakeInstancesAfterBackupRestoration (37ms)
Platform modules already initialized, skipping
Refreshing native plugins compatible for Editor in 1.97 ms, found 2 plugins.
Preloading 0 native plugins for Editor in 0.00 ms.
Unloading 2261 Unused Serialized files (Serialized files now loaded: 0)
System memory in use before: 106.1 MB.
System memory in use after: 106.3 MB.

Unloading 49 unused Assets to reduce memory usage. Loaded Objects now: 2720.
Total: 13.387000 ms (FindLiveObjects: 0.560800 ms CreateObjectMapping: 0.210300 ms MarkObjects: 12.526600 ms  DeleteObjects: 0.085200 ms)

AssetImportParameters requested are different than current active one (requested -> active):
  custom:framework-win-MediaFoundation: 216162199b28c13a410421893ffa2e32 -> 
  custom:video-decoder-ogg-theora: a1e56fd34408186e4bbccfd4996cb3dc -> 
  custom:container-muxer-webm: aa71ff27fc2769a1b78a27578f13a17b -> 
  custom:container-demuxer-webm: 4f35f7cbe854078d1ac9338744f61a02 -> 
  custom:container-demuxer-ogg: 62fdf1f143b41e24485cea50d1cbac27 -> 
  custom:video-encoder-webm-vp8: eb34c28f22e8b96e1ab97ce403110664 -> 
  custom:video-decoder-webm-vp8: 9c59270c3fd7afecdb556c50c9e8de78 -> 
  custom:audio-decoder-ogg-vorbis: bf7c407c2cedff20999df2af8eb42d56 -> 
  custom:audio-encoder-webm-vorbis: bf7c407c2cedff20999df2af8eb42d56 -> 
========================================================================
Received Import Request.
  Time since last request: 1078.196836 seconds.
  path: Assets/Prefabs/Nomer Slidding/Background 3x3.prefab
  artifactKey: Guid(d28a540199677e748890111b4f068c8e) Importer(815301076,1909f56bfc062723c751e8b465ee728b)
Start importing Assets/Prefabs/Nomer Slidding/Background 3x3.prefab using Guid(d28a540199677e748890111b4f068c8e) Importer(815301076,1909f56bfc062723c751e8b465ee728b)  -> (artifact id: '485ab92952ce4324d013120f4651cb55') in 3.537562 seconds 
  Import took 3.568209 seconds .

========================================================================
Received Import Request.
  Time since last request: 16.303915 seconds.
  path: Assets/Prefabs/lv2/SlidingPuzzle&IconSearch 1.prefab
  artifactKey: Guid(37dec5e5e71f73444b50117a7e4f7226) Importer(815301076,1909f56bfc062723c751e8b465ee728b)
Start importing Assets/Prefabs/lv2/SlidingPuzzle&IconSearch 1.prefab using Guid(37dec5e5e71f73444b50117a7e4f7226) Importer(815301076,1909f56bfc062723c751e8b465ee728b)  -> (artifact id: '7bd474f3d9375bcb46f6606c3796d56d') in 3.717707 seconds 
  Import took 3.750210 seconds .

========================================================================
Received Import Request.
  Time since last request: 19.859653 seconds.
  path: Assets/Prefabs/lv2/SlidingPuzzle&IconSearch.prefab
  artifactKey: Guid(4c3b2b22455f7584b84fcf9f4a14daf4) Importer(815301076,1909f56bfc062723c751e8b465ee728b)
Start importing Assets/Prefabs/lv2/SlidingPuzzle&IconSearch.prefab using Guid(4c3b2b22455f7584b84fcf9f4a14daf4) Importer(815301076,1909f56bfc062723c751e8b465ee728b)  -> (artifact id: 'ddf81f417df9f0cdda410fda1c4a1d10') in 1.400119 seconds 
  Import took 1.439936 seconds .

========================================================================
Received Import Request.
  Time since last request: 31.379032 seconds.
  path: Assets/Prefabs/lv3/SlidingPuzzle&IconSearch 1.prefab
  artifactKey: Guid(adff6a98f60e56341aa6c3ba5763db8f) Importer(815301076,1909f56bfc062723c751e8b465ee728b)
Start importing Assets/Prefabs/lv3/SlidingPuzzle&IconSearch 1.prefab using Guid(adff6a98f60e56341aa6c3ba5763db8f) Importer(815301076,1909f56bfc062723c751e8b465ee728b)  -> (artifact id: '264d0bcbbf90f0c7788055e560a33c98') in 1.383062 seconds 
  Import took 1.439024 seconds .

========================================================================
Received Import Request.
  Time since last request: 17.696027 seconds.
  path: Assets/Prefabs/lv3/SlidingPuzzle&IconSearch.prefab
  artifactKey: Guid(fcbf3f3203dfba249892226b8483124f) Importer(815301076,1909f56bfc062723c751e8b465ee728b)
Start importing Assets/Prefabs/lv3/SlidingPuzzle&IconSearch.prefab using Guid(fcbf3f3203dfba249892226b8483124f) Importer(815301076,1909f56bfc062723c751e8b465ee728b)  -> (artifact id: '2a873729c221b72f318c181616df9e13') in 0.857339 seconds 
  Import took 0.902016 seconds .

========================================================================
Received Import Request.
  Time since last request: 194.339173 seconds.
  path: Assets/Scenes/2. PowerSkill.unity
  artifactKey: Guid(99514062accda364b83c8ef854d30ba4) Importer(815301076,1909f56bfc062723c751e8b465ee728b)
Start importing Assets/Scenes/2. PowerSkill.unity using Guid(99514062accda364b83c8ef854d30ba4) Importer(815301076,1909f56bfc062723c751e8b465ee728b)  -> (artifact id: '373120736fb790cf2fd9bbba1f619d32') in 0.079883 seconds 
  Import took 0.089306 seconds .

========================================================================
Received Import Request.
  Time since last request: 136.441967 seconds.
  path: Assets/Scenes/Level 1.unity
  artifactKey: Guid(54977574eb60dc945855005c94247d88) Importer(815301076,1909f56bfc062723c751e8b465ee728b)
Start importing Assets/Scenes/Level 1.unity using Guid(54977574eb60dc945855005c94247d88) Importer(815301076,1909f56bfc062723c751e8b465ee728b)  -> (artifact id: '7bc46e685342bf6e11aa7677420a9fb1') in 0.129384 seconds 
  Import took 0.146481 seconds .

========================================================================
Received Prepare
Registering precompiled user dll's ...
Registered in 0.144123 seconds.
Begin MonoManager ReloadAssembly
Native extension for WindowsStandalone target not found
Refreshing native plugins compatible for Editor in 3.28 ms, found 2 plugins.
Preloading 0 native plugins for Editor in 0.00 ms.
Mono: successfully reloaded assembly
- Completed reload, in  2.509 seconds
Domain Reload Profiling:
	ReloadAssembly (2510ms)
		BeginReloadAssembly (200ms)
			ExecutionOrderSort (0ms)
			DisableScriptedObjects (12ms)
			BackupInstance (0ms)
			ReleaseScriptingObjects (0ms)
			CreateAndSetChildDomain (69ms)
		EndReloadAssembly (2190ms)
			LoadAssemblies (189ms)
			RebuildTransferFunctionScriptingTraits (0ms)
			SetupTypeCache (651ms)
			ReleaseScriptCaches (3ms)
			RebuildScriptCaches (99ms)
			SetupLoadedEditorAssemblies (985ms)
				LogAssemblyErrors (0ms)
				InitializePlatformSupportModulesInManaged (9ms)
				SetLoadedEditorAssemblies (2ms)
				RefreshPlugins (3ms)
				BeforeProcessingInitializeOnLoad (200ms)
				ProcessInitializeOnLoadAttributes (608ms)
				ProcessInitializeOnLoadMethodAttributes (142ms)
				AfterProcessingInitializeOnLoad (19ms)
				EditorAssembliesLoaded (0ms)
			ExecutionOrderSort2 (0ms)
			AwakeInstancesAfterBackupRestoration (29ms)
Platform modules already initialized, skipping
Refreshing native plugins compatible for Editor in 1.65 ms, found 2 plugins.
Preloading 0 native plugins for Editor in 0.00 ms.
Unloading 2261 Unused Serialized files (Serialized files now loaded: 0)
System memory in use before: 106.3 MB.
System memory in use after: 106.5 MB.

Unloading 50 unused Assets to reduce memory usage. Loaded Objects now: 2726.
Total: 19.281100 ms (FindLiveObjects: 0.716700 ms CreateObjectMapping: 0.373900 ms MarkObjects: 18.068500 ms  DeleteObjects: 0.117500 ms)

AssetImportParameters requested are different than current active one (requested -> active):
  custom:framework-win-MediaFoundation: 216162199b28c13a410421893ffa2e32 -> 
  custom:video-decoder-ogg-theora: a1e56fd34408186e4bbccfd4996cb3dc -> 
  custom:container-muxer-webm: aa71ff27fc2769a1b78a27578f13a17b -> 
  custom:container-demuxer-webm: 4f35f7cbe854078d1ac9338744f61a02 -> 
  custom:container-demuxer-ogg: 62fdf1f143b41e24485cea50d1cbac27 -> 
  custom:video-encoder-webm-vp8: eb34c28f22e8b96e1ab97ce403110664 -> 
  custom:video-decoder-webm-vp8: 9c59270c3fd7afecdb556c50c9e8de78 -> 
  custom:audio-decoder-ogg-vorbis: bf7c407c2cedff20999df2af8eb42d56 -> 
  custom:audio-encoder-webm-vorbis: bf7c407c2cedff20999df2af8eb42d56 -> 
========================================================================
Received Import Request.
  Time since last request: 1146.150376 seconds.
  path: Assets/Prefabs/Skill/Skill 2.prefab
  artifactKey: Guid(ed17b897f67230743a5cd96a0274474e) Importer(815301076,1909f56bfc062723c751e8b465ee728b)
Start importing Assets/Prefabs/Skill/Skill 2.prefab using Guid(ed17b897f67230743a5cd96a0274474e) Importer(815301076,1909f56bfc062723c751e8b465ee728b)  -> (artifact id: '0d28e200162c186f687dbcfef1330eb1') in 0.615022 seconds 
  Import took 0.623995 seconds .

========================================================================
Received Prepare
Registering precompiled user dll's ...
Registered in 0.255889 seconds.
Begin MonoManager ReloadAssembly
Native extension for WindowsStandalone target not found
Refreshing native plugins compatible for Editor in 1.79 ms, found 2 plugins.
Preloading 0 native plugins for Editor in 0.00 ms.
Mono: successfully reloaded assembly
- Completed reload, in 13.348 seconds
Domain Reload Profiling:
	ReloadAssembly (13350ms)
		BeginReloadAssembly (466ms)
			ExecutionOrderSort (0ms)
			DisableScriptedObjects (19ms)
			BackupInstance (0ms)
			ReleaseScriptingObjects (0ms)
			CreateAndSetChildDomain (150ms)
		EndReloadAssembly (12660ms)
			LoadAssemblies (963ms)
			RebuildTransferFunctionScriptingTraits (0ms)
			SetupTypeCache (4351ms)
			ReleaseScriptCaches (3ms)
			RebuildScriptCaches (142ms)
			SetupLoadedEditorAssemblies (1409ms)
				LogAssemblyErrors (0ms)
				InitializePlatformSupportModulesInManaged (10ms)
				SetLoadedEditorAssemblies (1ms)
				RefreshPlugins (2ms)
				BeforeProcessingInitializeOnLoad (208ms)
				ProcessInitializeOnLoadAttributes (704ms)
				ProcessInitializeOnLoadMethodAttributes (417ms)
				AfterProcessingInitializeOnLoad (65ms)
				EditorAssembliesLoaded (3ms)
			ExecutionOrderSort2 (0ms)
			AwakeInstancesAfterBackupRestoration (82ms)
Platform modules already initialized, skipping
Refreshing native plugins compatible for Editor in 9.13 ms, found 2 plugins.
Preloading 0 native plugins for Editor in 0.00 ms.
Unloading 2261 Unused Serialized files (Serialized files now loaded: 0)
System memory in use before: 106.4 MB.
System memory in use after: 106.6 MB.

Unloading 51 unused Assets to reduce memory usage. Loaded Objects now: 2731.
Total: 31.774100 ms (FindLiveObjects: 0.969900 ms CreateObjectMapping: 0.345000 ms MarkObjects: 29.922300 ms  DeleteObjects: 0.532700 ms)

AssetImportParameters requested are different than current active one (requested -> active):
  custom:framework-win-MediaFoundation: 216162199b28c13a410421893ffa2e32 -> 
  custom:video-decoder-ogg-theora: a1e56fd34408186e4bbccfd4996cb3dc -> 
  custom:container-muxer-webm: aa71ff27fc2769a1b78a27578f13a17b -> 
  custom:container-demuxer-webm: 4f35f7cbe854078d1ac9338744f61a02 -> 
  custom:container-demuxer-ogg: 62fdf1f143b41e24485cea50d1cbac27 -> 
  custom:video-encoder-webm-vp8: eb34c28f22e8b96e1ab97ce403110664 -> 
  custom:video-decoder-webm-vp8: 9c59270c3fd7afecdb556c50c9e8de78 -> 
  custom:audio-decoder-ogg-vorbis: bf7c407c2cedff20999df2af8eb42d56 -> 
  custom:audio-encoder-webm-vorbis: bf7c407c2cedff20999df2af8eb42d56 -> 
========================================================================
Received Prepare
Registering precompiled user dll's ...
Registered in 0.018686 seconds.
Begin MonoManager ReloadAssembly
Native extension for WindowsStandalone target not found
Refreshing native plugins compatible for Editor in 1.69 ms, found 2 plugins.
Preloading 0 native plugins for Editor in 0.00 ms.
Mono: successfully reloaded assembly
- Completed reload, in  7.718 seconds
Domain Reload Profiling:
	ReloadAssembly (7719ms)
		BeginReloadAssembly (869ms)
			ExecutionOrderSort (0ms)
			DisableScriptedObjects (15ms)
			BackupInstance (0ms)
			ReleaseScriptingObjects (0ms)
			CreateAndSetChildDomain (195ms)
		EndReloadAssembly (6669ms)
			LoadAssemblies (731ms)
			RebuildTransferFunctionScriptingTraits (0ms)
			SetupTypeCache (970ms)
			ReleaseScriptCaches (3ms)
			RebuildScriptCaches (110ms)
			SetupLoadedEditorAssemblies (2623ms)
				LogAssemblyErrors (0ms)
				InitializePlatformSupportModulesInManaged (9ms)
				SetLoadedEditorAssemblies (1ms)
				RefreshPlugins (2ms)
				BeforeProcessingInitializeOnLoad (1740ms)
				ProcessInitializeOnLoadAttributes (684ms)
				ProcessInitializeOnLoadMethodAttributes (172ms)
				AfterProcessingInitializeOnLoad (16ms)
				EditorAssembliesLoaded (0ms)
			ExecutionOrderSort2 (0ms)
			AwakeInstancesAfterBackupRestoration (27ms)
Platform modules already initialized, skipping
Refreshing native plugins compatible for Editor in 2.21 ms, found 2 plugins.
Preloading 0 native plugins for Editor in 0.00 ms.
Unloading 2261 Unused Serialized files (Serialized files now loaded: 0)
System memory in use before: 106.3 MB.
System memory in use after: 106.5 MB.

Unloading 49 unused Assets to reduce memory usage. Loaded Objects now: 2733.
Total: 17.821100 ms (FindLiveObjects: 0.617500 ms CreateObjectMapping: 0.293800 ms MarkObjects: 16.772500 ms  DeleteObjects: 0.131900 ms)

AssetImportParameters requested are different than current active one (requested -> active):
  custom:framework-win-MediaFoundation: 216162199b28c13a410421893ffa2e32 -> 
  custom:video-decoder-ogg-theora: a1e56fd34408186e4bbccfd4996cb3dc -> 
  custom:container-muxer-webm: aa71ff27fc2769a1b78a27578f13a17b -> 
  custom:container-demuxer-webm: 4f35f7cbe854078d1ac9338744f61a02 -> 
  custom:container-demuxer-ogg: 62fdf1f143b41e24485cea50d1cbac27 -> 
  custom:video-encoder-webm-vp8: eb34c28f22e8b96e1ab97ce403110664 -> 
  custom:video-decoder-webm-vp8: 9c59270c3fd7afecdb556c50c9e8de78 -> 
  custom:audio-decoder-ogg-vorbis: bf7c407c2cedff20999df2af8eb42d56 -> 
  custom:audio-encoder-webm-vorbis: bf7c407c2cedff20999df2af8eb42d56 -> 
========================================================================
Received Prepare
Registering precompiled user dll's ...
Registered in 0.012303 seconds.
Begin MonoManager ReloadAssembly
Native extension for WindowsStandalone target not found
Refreshing native plugins compatible for Editor in 2.19 ms, found 2 plugins.
Preloading 0 native plugins for Editor in 0.00 ms.
Mono: successfully reloaded assembly
- Completed reload, in  5.443 seconds
Domain Reload Profiling:
	ReloadAssembly (5444ms)
		BeginReloadAssembly (696ms)
			ExecutionOrderSort (0ms)
			DisableScriptedObjects (13ms)
			BackupInstance (0ms)
			ReleaseScriptingObjects (0ms)
			CreateAndSetChildDomain (325ms)
		EndReloadAssembly (4577ms)
			LoadAssemblies (343ms)
			RebuildTransferFunctionScriptingTraits (0ms)
			SetupTypeCache (821ms)
			ReleaseScriptCaches (3ms)
			RebuildScriptCaches (415ms)
			SetupLoadedEditorAssemblies (2084ms)
				LogAssemblyErrors (0ms)
				InitializePlatformSupportModulesInManaged (10ms)
				SetLoadedEditorAssemblies (194ms)
				RefreshPlugins (2ms)
				BeforeProcessingInitializeOnLoad (369ms)
				ProcessInitializeOnLoadAttributes (929ms)
				ProcessInitializeOnLoadMethodAttributes (568ms)
				AfterProcessingInitializeOnLoad (12ms)
				EditorAssembliesLoaded (0ms)
			ExecutionOrderSort2 (0ms)
			AwakeInstancesAfterBackupRestoration (17ms)
Platform modules already initialized, skipping
Refreshing native plugins compatible for Editor in 4.54 ms, found 2 plugins.
Preloading 0 native plugins for Editor in 0.00 ms.
Unloading 2261 Unused Serialized files (Serialized files now loaded: 0)
System memory in use before: 106.4 MB.
System memory in use after: 106.6 MB.

Unloading 49 unused Assets to reduce memory usage. Loaded Objects now: 2735.
Total: 192.267600 ms (FindLiveObjects: 1.154400 ms CreateObjectMapping: 2.630000 ms MarkObjects: 188.362300 ms  DeleteObjects: 0.115600 ms)

AssetImportParameters requested are different than current active one (requested -> active):
  custom:framework-win-MediaFoundation: 216162199b28c13a410421893ffa2e32 -> 
  custom:video-decoder-ogg-theora: a1e56fd34408186e4bbccfd4996cb3dc -> 
  custom:container-muxer-webm: aa71ff27fc2769a1b78a27578f13a17b -> 
  custom:container-demuxer-webm: 4f35f7cbe854078d1ac9338744f61a02 -> 
  custom:container-demuxer-ogg: 62fdf1f143b41e24485cea50d1cbac27 -> 
  custom:video-encoder-webm-vp8: eb34c28f22e8b96e1ab97ce403110664 -> 
  custom:video-decoder-webm-vp8: 9c59270c3fd7afecdb556c50c9e8de78 -> 
  custom:audio-decoder-ogg-vorbis: bf7c407c2cedff20999df2af8eb42d56 -> 
  custom:audio-encoder-webm-vorbis: bf7c407c2cedff20999df2af8eb42d56 -> 
========================================================================
Received Prepare
Registering precompiled user dll's ...
Registered in 0.019990 seconds.
Begin MonoManager ReloadAssembly
Native extension for WindowsStandalone target not found
Refreshing native plugins compatible for Editor in 1.66 ms, found 2 plugins.
Preloading 0 native plugins for Editor in 0.00 ms.
Mono: successfully reloaded assembly
- Completed reload, in  2.689 seconds
Domain Reload Profiling:
	ReloadAssembly (2690ms)
		BeginReloadAssembly (353ms)
			ExecutionOrderSort (0ms)
			DisableScriptedObjects (15ms)
			BackupInstance (0ms)
			ReleaseScriptingObjects (0ms)
			CreateAndSetChildDomain (182ms)
		EndReloadAssembly (2204ms)
			LoadAssemblies (228ms)
			RebuildTransferFunctionScriptingTraits (0ms)
			SetupTypeCache (797ms)
			ReleaseScriptCaches (3ms)
			RebuildScriptCaches (105ms)
			SetupLoadedEditorAssemblies (866ms)
				LogAssemblyErrors (0ms)
				InitializePlatformSupportModulesInManaged (10ms)
				SetLoadedEditorAssemblies (2ms)
				RefreshPlugins (2ms)
				BeforeProcessingInitializeOnLoad (237ms)
				ProcessInitializeOnLoadAttributes (510ms)
				ProcessInitializeOnLoadMethodAttributes (95ms)
				AfterProcessingInitializeOnLoad (10ms)
				EditorAssembliesLoaded (0ms)
			ExecutionOrderSort2 (0ms)
			AwakeInstancesAfterBackupRestoration (15ms)
Platform modules already initialized, skipping
Refreshing native plugins compatible for Editor in 2.10 ms, found 2 plugins.
Preloading 0 native plugins for Editor in 0.00 ms.
Unloading 2261 Unused Serialized files (Serialized files now loaded: 0)
System memory in use before: 106.4 MB.
System memory in use after: 106.7 MB.

Unloading 49 unused Assets to reduce memory usage. Loaded Objects now: 2737.
Total: 17.838100 ms (FindLiveObjects: 0.575100 ms CreateObjectMapping: 0.206200 ms MarkObjects: 16.979000 ms  DeleteObjects: 0.074500 ms)

AssetImportParameters requested are different than current active one (requested -> active):
  custom:framework-win-MediaFoundation: 216162199b28c13a410421893ffa2e32 -> 
  custom:video-decoder-ogg-theora: a1e56fd34408186e4bbccfd4996cb3dc -> 
  custom:container-muxer-webm: aa71ff27fc2769a1b78a27578f13a17b -> 
  custom:container-demuxer-webm: 4f35f7cbe854078d1ac9338744f61a02 -> 
  custom:container-demuxer-ogg: 62fdf1f143b41e24485cea50d1cbac27 -> 
  custom:video-encoder-webm-vp8: eb34c28f22e8b96e1ab97ce403110664 -> 
  custom:video-decoder-webm-vp8: 9c59270c3fd7afecdb556c50c9e8de78 -> 
  custom:audio-decoder-ogg-vorbis: bf7c407c2cedff20999df2af8eb42d56 -> 
  custom:audio-encoder-webm-vorbis: bf7c407c2cedff20999df2af8eb42d56 -> 
========================================================================
Received Prepare
Registering precompiled user dll's ...
Registered in 0.030733 seconds.
Begin MonoManager ReloadAssembly
Native extension for WindowsStandalone target not found
Refreshing native plugins compatible for Editor in 1.84 ms, found 2 plugins.
Preloading 0 native plugins for Editor in 0.00 ms.
Mono: successfully reloaded assembly
- Completed reload, in  2.828 seconds
Domain Reload Profiling:
	ReloadAssembly (2829ms)
		BeginReloadAssembly (265ms)
			ExecutionOrderSort (0ms)
			DisableScriptedObjects (12ms)
			BackupInstance (0ms)
			ReleaseScriptingObjects (0ms)
			CreateAndSetChildDomain (82ms)
		EndReloadAssembly (2422ms)
			LoadAssemblies (233ms)
			RebuildTransferFunctionScriptingTraits (0ms)
			SetupTypeCache (968ms)
			ReleaseScriptCaches (4ms)
			RebuildScriptCaches (129ms)
			SetupLoadedEditorAssemblies (804ms)
				LogAssemblyErrors (0ms)
				InitializePlatformSupportModulesInManaged (10ms)
				SetLoadedEditorAssemblies (1ms)
				RefreshPlugins (2ms)
				BeforeProcessingInitializeOnLoad (182ms)
				ProcessInitializeOnLoadAttributes (502ms)
				ProcessInitializeOnLoadMethodAttributes (95ms)
				AfterProcessingInitializeOnLoad (12ms)
				EditorAssembliesLoaded (1ms)
			ExecutionOrderSort2 (0ms)
			AwakeInstancesAfterBackupRestoration (18ms)
Platform modules already initialized, skipping
Refreshing native plugins compatible for Editor in 1.86 ms, found 2 plugins.
Preloading 0 native plugins for Editor in 0.00 ms.
Unloading 2261 Unused Serialized files (Serialized files now loaded: 0)
System memory in use before: 106.4 MB.
System memory in use after: 106.7 MB.

Unloading 49 unused Assets to reduce memory usage. Loaded Objects now: 2739.
Total: 12.407600 ms (FindLiveObjects: 0.556100 ms CreateObjectMapping: 0.191400 ms MarkObjects: 11.552300 ms  DeleteObjects: 0.104500 ms)

AssetImportParameters requested are different than current active one (requested -> active):
  custom:framework-win-MediaFoundation: 216162199b28c13a410421893ffa2e32 -> 
  custom:video-decoder-ogg-theora: a1e56fd34408186e4bbccfd4996cb3dc -> 
  custom:container-muxer-webm: aa71ff27fc2769a1b78a27578f13a17b -> 
  custom:container-demuxer-webm: 4f35f7cbe854078d1ac9338744f61a02 -> 
  custom:container-demuxer-ogg: 62fdf1f143b41e24485cea50d1cbac27 -> 
  custom:video-encoder-webm-vp8: eb34c28f22e8b96e1ab97ce403110664 -> 
  custom:video-decoder-webm-vp8: 9c59270c3fd7afecdb556c50c9e8de78 -> 
  custom:audio-decoder-ogg-vorbis: bf7c407c2cedff20999df2af8eb42d56 -> 
  custom:audio-encoder-webm-vorbis: bf7c407c2cedff20999df2af8eb42d56 -> 
========================================================================
Received Import Request.
  Time since last request: 1850.786147 seconds.
  path: Assets/Scenes/Level 1.unity
  artifactKey: Guid(54977574eb60dc945855005c94247d88) Importer(815301076,1909f56bfc062723c751e8b465ee728b)
Start importing Assets/Scenes/Level 1.unity using Guid(54977574eb60dc945855005c94247d88) Importer(815301076,1909f56bfc062723c751e8b465ee728b)  -> (artifact id: '0bd5ade5f531f78fd32776230ea556e5') in 0.050892 seconds 
  Import took 0.109472 seconds .

========================================================================
Received Import Request.
  Time since last request: 5.075876 seconds.
  path: Assets/Scenes/Level 2.unity
  artifactKey: Guid(b64768f7f88499545aa454d4f5cb829a) Importer(815301076,1909f56bfc062723c751e8b465ee728b)
Start importing Assets/Scenes/Level 2.unity using Guid(b64768f7f88499545aa454d4f5cb829a) Importer(815301076,1909f56bfc062723c751e8b465ee728b)  -> (artifact id: '0b6404d8fddd0631ef66611743185555') in 0.262687 seconds 
  Import took 0.287678 seconds .

========================================================================
Received Prepare
Registering precompiled user dll's ...
Registered in 0.056208 seconds.
Begin MonoManager ReloadAssembly
Native extension for WindowsStandalone target not found
Refreshing native plugins compatible for Editor in 2.91 ms, found 2 plugins.
Preloading 0 native plugins for Editor in 0.00 ms.
Mono: successfully reloaded assembly
- Completed reload, in  4.147 seconds
Domain Reload Profiling:
	ReloadAssembly (4148ms)
		BeginReloadAssembly (360ms)
			ExecutionOrderSort (0ms)
			DisableScriptedObjects (17ms)
			BackupInstance (0ms)
			ReleaseScriptingObjects (0ms)
			CreateAndSetChildDomain (106ms)
		EndReloadAssembly (3531ms)
			LoadAssemblies (429ms)
			RebuildTransferFunctionScriptingTraits (0ms)
			SetupTypeCache (1060ms)
			ReleaseScriptCaches (4ms)
			RebuildScriptCaches (191ms)
			SetupLoadedEditorAssemblies (1532ms)
				LogAssemblyErrors (0ms)
				InitializePlatformSupportModulesInManaged (12ms)
				SetLoadedEditorAssemblies (1ms)
				RefreshPlugins (3ms)
				BeforeProcessingInitializeOnLoad (432ms)
				ProcessInitializeOnLoadAttributes (901ms)
				ProcessInitializeOnLoadMethodAttributes (169ms)
				AfterProcessingInitializeOnLoad (13ms)
				EditorAssembliesLoaded (1ms)
			ExecutionOrderSort2 (0ms)
			AwakeInstancesAfterBackupRestoration (56ms)
Platform modules already initialized, skipping
Refreshing native plugins compatible for Editor in 2.20 ms, found 2 plugins.
Preloading 0 native plugins for Editor in 0.00 ms.
Unloading 2261 Unused Serialized files (Serialized files now loaded: 0)
System memory in use before: 106.5 MB.
System memory in use after: 106.7 MB.

Unloading 49 unused Assets to reduce memory usage. Loaded Objects now: 2741.
Total: 15.752900 ms (FindLiveObjects: 0.938800 ms CreateObjectMapping: 0.254800 ms MarkObjects: 14.440000 ms  DeleteObjects: 0.114300 ms)

AssetImportParameters requested are different than current active one (requested -> active):
  custom:framework-win-MediaFoundation: 216162199b28c13a410421893ffa2e32 -> 
  custom:video-decoder-ogg-theora: a1e56fd34408186e4bbccfd4996cb3dc -> 
  custom:container-muxer-webm: aa71ff27fc2769a1b78a27578f13a17b -> 
  custom:container-demuxer-webm: 4f35f7cbe854078d1ac9338744f61a02 -> 
  custom:container-demuxer-ogg: 62fdf1f143b41e24485cea50d1cbac27 -> 
  custom:video-encoder-webm-vp8: eb34c28f22e8b96e1ab97ce403110664 -> 
  custom:video-decoder-webm-vp8: 9c59270c3fd7afecdb556c50c9e8de78 -> 
  custom:audio-decoder-ogg-vorbis: bf7c407c2cedff20999df2af8eb42d56 -> 
  custom:audio-encoder-webm-vorbis: bf7c407c2cedff20999df2af8eb42d56 -> 
========================================================================
Received Prepare
Registering precompiled user dll's ...
Registered in 0.031675 seconds.
Begin MonoManager ReloadAssembly
Native extension for WindowsStandalone target not found
Refreshing native plugins compatible for Editor in 2.92 ms, found 2 plugins.
Preloading 0 native plugins for Editor in 0.00 ms.
Mono: successfully reloaded assembly
- Completed reload, in 10.067 seconds
Domain Reload Profiling:
	ReloadAssembly (10069ms)
		BeginReloadAssembly (290ms)
			ExecutionOrderSort (0ms)
			DisableScriptedObjects (15ms)
			BackupInstance (0ms)
			ReleaseScriptingObjects (0ms)
			CreateAndSetChildDomain (80ms)
		EndReloadAssembly (9614ms)
			LoadAssemblies (276ms)
			RebuildTransferFunctionScriptingTraits (0ms)
			SetupTypeCache (5944ms)
			ReleaseScriptCaches (4ms)
			RebuildScriptCaches (233ms)
			SetupLoadedEditorAssemblies (2231ms)
				LogAssemblyErrors (0ms)
				InitializePlatformSupportModulesInManaged (29ms)
				SetLoadedEditorAssemblies (5ms)
				RefreshPlugins (3ms)
				BeforeProcessingInitializeOnLoad (446ms)
				ProcessInitializeOnLoadAttributes (1385ms)
				ProcessInitializeOnLoadMethodAttributes (310ms)
				AfterProcessingInitializeOnLoad (51ms)
				EditorAssembliesLoaded (1ms)
			ExecutionOrderSort2 (0ms)
			AwakeInstancesAfterBackupRestoration (56ms)
Platform modules already initialized, skipping
Refreshing native plugins compatible for Editor in 2.46 ms, found 2 plugins.
Preloading 0 native plugins for Editor in 0.00 ms.
Unloading 2261 Unused Serialized files (Serialized files now loaded: 0)
System memory in use before: 106.4 MB.
System memory in use after: 106.6 MB.

Unloading 49 unused Assets to reduce memory usage. Loaded Objects now: 2743.
Total: 20.197200 ms (FindLiveObjects: 0.715300 ms CreateObjectMapping: 0.388400 ms MarkObjects: 19.011000 ms  DeleteObjects: 0.078700 ms)

AssetImportParameters requested are different than current active one (requested -> active):
  custom:framework-win-MediaFoundation: 216162199b28c13a410421893ffa2e32 -> 
  custom:video-decoder-ogg-theora: a1e56fd34408186e4bbccfd4996cb3dc -> 
  custom:container-muxer-webm: aa71ff27fc2769a1b78a27578f13a17b -> 
  custom:container-demuxer-webm: 4f35f7cbe854078d1ac9338744f61a02 -> 
  custom:container-demuxer-ogg: 62fdf1f143b41e24485cea50d1cbac27 -> 
  custom:video-encoder-webm-vp8: eb34c28f22e8b96e1ab97ce403110664 -> 
  custom:video-decoder-webm-vp8: 9c59270c3fd7afecdb556c50c9e8de78 -> 
  custom:audio-decoder-ogg-vorbis: bf7c407c2cedff20999df2af8eb42d56 -> 
  custom:audio-encoder-webm-vorbis: bf7c407c2cedff20999df2af8eb42d56 -> 
========================================================================
Received Prepare
Registering precompiled user dll's ...
Registered in 0.016429 seconds.
Begin MonoManager ReloadAssembly
Native extension for WindowsStandalone target not found
Refreshing native plugins compatible for Editor in 2.19 ms, found 2 plugins.
Preloading 0 native plugins for Editor in 0.00 ms.
Mono: successfully reloaded assembly
- Completed reload, in  5.377 seconds
Domain Reload Profiling:
	ReloadAssembly (5379ms)
		BeginReloadAssembly (677ms)
			ExecutionOrderSort (0ms)
			DisableScriptedObjects (26ms)
			BackupInstance (0ms)
			ReleaseScriptingObjects (0ms)
			CreateAndSetChildDomain (112ms)
		EndReloadAssembly (4461ms)
			LoadAssemblies (779ms)
			RebuildTransferFunctionScriptingTraits (0ms)
			SetupTypeCache (946ms)
			ReleaseScriptCaches (2ms)
			RebuildScriptCaches (126ms)
			SetupLoadedEditorAssemblies (1171ms)
				LogAssemblyErrors (0ms)
				InitializePlatformSupportModulesInManaged (31ms)
				SetLoadedEditorAssemblies (1ms)
				RefreshPlugins (2ms)
				BeforeProcessingInitializeOnLoad (217ms)
				ProcessInitializeOnLoadAttributes (776ms)
				ProcessInitializeOnLoadMethodAttributes (126ms)
				AfterProcessingInitializeOnLoad (18ms)
				EditorAssembliesLoaded (0ms)
			ExecutionOrderSort2 (0ms)
			AwakeInstancesAfterBackupRestoration (23ms)
Platform modules already initialized, skipping
Refreshing native plugins compatible for Editor in 3.61 ms, found 2 plugins.
Preloading 0 native plugins for Editor in 0.00 ms.
Unloading 2261 Unused Serialized files (Serialized files now loaded: 0)
System memory in use before: 106.5 MB.
System memory in use after: 106.7 MB.

Unloading 49 unused Assets to reduce memory usage. Loaded Objects now: 2745.
Total: 34.194700 ms (FindLiveObjects: 0.691400 ms CreateObjectMapping: 1.865400 ms MarkObjects: 31.456500 ms  DeleteObjects: 0.175700 ms)

AssetImportParameters requested are different than current active one (requested -> active):
  custom:framework-win-MediaFoundation: 216162199b28c13a410421893ffa2e32 -> 
  custom:video-decoder-ogg-theora: a1e56fd34408186e4bbccfd4996cb3dc -> 
  custom:container-muxer-webm: aa71ff27fc2769a1b78a27578f13a17b -> 
  custom:container-demuxer-webm: 4f35f7cbe854078d1ac9338744f61a02 -> 
  custom:container-demuxer-ogg: 62fdf1f143b41e24485cea50d1cbac27 -> 
  custom:video-encoder-webm-vp8: eb34c28f22e8b96e1ab97ce403110664 -> 
  custom:video-decoder-webm-vp8: 9c59270c3fd7afecdb556c50c9e8de78 -> 
  custom:audio-decoder-ogg-vorbis: bf7c407c2cedff20999df2af8eb42d56 -> 
  custom:audio-encoder-webm-vorbis: bf7c407c2cedff20999df2af8eb42d56 -> 
========================================================================
Received Import Request.
  Time since last request: 468.383065 seconds.
  path: Assets/Scenes/Level 1.unity
  artifactKey: Guid(54977574eb60dc945855005c94247d88) Importer(815301076,1909f56bfc062723c751e8b465ee728b)
Start importing Assets/Scenes/Level 1.unity using Guid(54977574eb60dc945855005c94247d88) Importer(815301076,1909f56bfc062723c751e8b465ee728b)  -> (artifact id: 'd7ab34695ad7bf434aaff175a0ed8614') in 1.209774 seconds 
  Import took 1.232528 seconds .

========================================================================
Received Prepare
Registering precompiled user dll's ...
Registered in 0.015026 seconds.
Begin MonoManager ReloadAssembly
Native extension for WindowsStandalone target not found
Refreshing native plugins compatible for Editor in 1.79 ms, found 2 plugins.
Preloading 0 native plugins for Editor in 0.00 ms.
Mono: successfully reloaded assembly
- Completed reload, in  2.992 seconds
Domain Reload Profiling:
	ReloadAssembly (2993ms)
		BeginReloadAssembly (293ms)
			ExecutionOrderSort (0ms)
			DisableScriptedObjects (20ms)
			BackupInstance (0ms)
			ReleaseScriptingObjects (0ms)
			CreateAndSetChildDomain (107ms)
		EndReloadAssembly (2512ms)
			LoadAssemblies (312ms)
			RebuildTransferFunctionScriptingTraits (0ms)
			SetupTypeCache (684ms)
			ReleaseScriptCaches (3ms)
			RebuildScriptCaches (98ms)
			SetupLoadedEditorAssemblies (1206ms)
				LogAssemblyErrors (0ms)
				InitializePlatformSupportModulesInManaged (10ms)
				SetLoadedEditorAssemblies (1ms)
				RefreshPlugins (2ms)
				BeforeProcessingInitializeOnLoad (534ms)
				ProcessInitializeOnLoadAttributes (528ms)
				ProcessInitializeOnLoadMethodAttributes (100ms)
				AfterProcessingInitializeOnLoad (30ms)
				EditorAssembliesLoaded (0ms)
			ExecutionOrderSort2 (0ms)
			AwakeInstancesAfterBackupRestoration (43ms)
Platform modules already initialized, skipping
Refreshing native plugins compatible for Editor in 1.89 ms, found 2 plugins.
Preloading 0 native plugins for Editor in 0.00 ms.
Unloading 2261 Unused Serialized files (Serialized files now loaded: 0)
System memory in use before: 106.5 MB.
System memory in use after: 106.7 MB.

Unloading 49 unused Assets to reduce memory usage. Loaded Objects now: 2747.
Total: 13.973600 ms (FindLiveObjects: 0.628000 ms CreateObjectMapping: 0.208600 ms MarkObjects: 13.042200 ms  DeleteObjects: 0.091400 ms)

AssetImportParameters requested are different than current active one (requested -> active):
  custom:framework-win-MediaFoundation: 216162199b28c13a410421893ffa2e32 -> 
  custom:video-decoder-ogg-theora: a1e56fd34408186e4bbccfd4996cb3dc -> 
  custom:container-muxer-webm: aa71ff27fc2769a1b78a27578f13a17b -> 
  custom:container-demuxer-webm: 4f35f7cbe854078d1ac9338744f61a02 -> 
  custom:container-demuxer-ogg: 62fdf1f143b41e24485cea50d1cbac27 -> 
  custom:video-encoder-webm-vp8: eb34c28f22e8b96e1ab97ce403110664 -> 
  custom:video-decoder-webm-vp8: 9c59270c3fd7afecdb556c50c9e8de78 -> 
  custom:audio-decoder-ogg-vorbis: bf7c407c2cedff20999df2af8eb42d56 -> 
  custom:audio-encoder-webm-vorbis: bf7c407c2cedff20999df2af8eb42d56 -> 
========================================================================
Received Import Request.
  Time since last request: 155.473162 seconds.
  path: Assets/Scenes/Skill 2 Text.prefab
  artifactKey: Guid(6f58e73c62845f84e9f8a1f842937fcb) Importer(815301076,1909f56bfc062723c751e8b465ee728b)
Start importing Assets/Scenes/Skill 2 Text.prefab using Guid(6f58e73c62845f84e9f8a1f842937fcb) Importer(815301076,1909f56bfc062723c751e8b465ee728b)  -> (artifact id: 'd5242ce2f0ee5aceb42ecab1f57f2d80') in 0.338417 seconds 
  Import took 0.345852 seconds .

========================================================================
Received Import Request.
  Time since last request: 19.050494 seconds.
  path: Assets/Scenes/Level 3.unity
  artifactKey: Guid(29015402daf1f58499710f1a3ab62fdc) Importer(815301076,1909f56bfc062723c751e8b465ee728b)
Start importing Assets/Scenes/Level 3.unity using Guid(29015402daf1f58499710f1a3ab62fdc) Importer(815301076,1909f56bfc062723c751e8b465ee728b)  -> (artifact id: 'b006ba284d39d8d34572f6aab56208d3') in 0.082744 seconds 
  Import took 0.095697 seconds .

========================================================================
Received Import Request.
  Time since last request: 79.877210 seconds.
  path: Assets/Scenes/Level 2.unity
  artifactKey: Guid(b64768f7f88499545aa454d4f5cb829a) Importer(815301076,1909f56bfc062723c751e8b465ee728b)
Start importing Assets/Scenes/Level 2.unity using Guid(b64768f7f88499545aa454d4f5cb829a) Importer(815301076,1909f56bfc062723c751e8b465ee728b)  -> (artifact id: '6a1cef78fb1d210ec2063893a40ab2f0') in 0.039492 seconds 
  Import took 0.112298 seconds .

========================================================================
Received Import Request.
  Time since last request: 9.803235 seconds.
  path: Assets/Scenes/Level 1.unity
  artifactKey: Guid(54977574eb60dc945855005c94247d88) Importer(815301076,1909f56bfc062723c751e8b465ee728b)
Start importing Assets/Scenes/Level 1.unity using Guid(54977574eb60dc945855005c94247d88) Importer(815301076,1909f56bfc062723c751e8b465ee728b)  -> (artifact id: '07c113d9755bf173ff828f2aec112daf') in 0.073309 seconds 
  Import took 0.088396 seconds .

========================================================================
Received Import Request.
  Time since last request: 110.715246 seconds.
  path: Assets/Aset2D/aset main menu dan ui/layar skill/MaskSkill/abu 50.png
  artifactKey: Guid(70068c02358fb514da6396ce343dd3a4) Importer(815301076,1909f56bfc062723c751e8b465ee728b)
Start importing Assets/Aset2D/aset main menu dan ui/layar skill/MaskSkill/abu 50.png using Guid(70068c02358fb514da6396ce343dd3a4) Importer(815301076,1909f56bfc062723c751e8b465ee728b)  -> (artifact id: '91b3c165f5ec84c6c60b1a292a0092a2') in 0.222163 seconds 
  Import took 0.230667 seconds .

========================================================================
Received Import Request.
  Time since last request: 0.755029 seconds.
  path: Assets/Aset2D/aset main menu dan ui/layar skill/MaskSkill/abu 100.png
  artifactKey: Guid(2ad681f0b011e0f4794c048fdb372b15) Importer(815301076,1909f56bfc062723c751e8b465ee728b)
Start importing Assets/Aset2D/aset main menu dan ui/layar skill/MaskSkill/abu 100.png using Guid(2ad681f0b011e0f4794c048fdb372b15) Importer(815301076,1909f56bfc062723c751e8b465ee728b)  -> (artifact id: '5c2cda3824f345b4ed9b4f7318b15b5d') in 0.076847 seconds 
  Import took 0.087029 seconds .

========================================================================
Received Import Request.
  Time since last request: 35.117246 seconds.
  path: Assets/Prefabs/Skill/Skill 2.prefab
  artifactKey: Guid(ed17b897f67230743a5cd96a0274474e) Importer(815301076,1909f56bfc062723c751e8b465ee728b)
Start importing Assets/Prefabs/Skill/Skill 2.prefab using Guid(ed17b897f67230743a5cd96a0274474e) Importer(815301076,1909f56bfc062723c751e8b465ee728b)  -> (artifact id: '9901eddb6d246ed5c023fd85cdb161ac') in 0.123140 seconds 
  Import took 0.132390 seconds .

========================================================================
Received Import Request.
  Time since last request: 640.575513 seconds.
  path: Assets/Prefabs/lv1/SlidingPuzzle&IconSearch.prefab
  artifactKey: Guid(0072c86b14d07084fb1a99bf1139b0dc) Importer(815301076,1909f56bfc062723c751e8b465ee728b)
Start importing Assets/Prefabs/lv1/SlidingPuzzle&IconSearch.prefab using Guid(0072c86b14d07084fb1a99bf1139b0dc) Importer(815301076,1909f56bfc062723c751e8b465ee728b)  -> (artifact id: '58c855fcb4e3b7607e90c3303e5f9f7c') in 4.270552 seconds 
  Import took 4.317869 seconds .

========================================================================
Received Import Request.
  Time since last request: 39.590933 seconds.
  path: Assets/Aset2D/Background/bg abu 50.png
  artifactKey: Guid(b6bad032ba0a28042b7c6959e0d58d5e) Importer(815301076,1909f56bfc062723c751e8b465ee728b)
Start importing Assets/Aset2D/Background/bg abu 50.png using Guid(b6bad032ba0a28042b7c6959e0d58d5e) Importer(815301076,1909f56bfc062723c751e8b465ee728b)  -> (artifact id: 'ea56fd40f42ff2c6f3764b1e63653a1d') in 0.095052 seconds 
  Import took 0.105404 seconds .

========================================================================
Received Import Request.
  Time since last request: 27.213489 seconds.
  path: Assets/Aset2D/Background/bg abu 50.png
  artifactKey: Guid(b6bad032ba0a28042b7c6959e0d58d5e) Importer(815301076,1909f56bfc062723c751e8b465ee728b)
Start importing Assets/Aset2D/Background/bg abu 50.png using Guid(b6bad032ba0a28042b7c6959e0d58d5e) Importer(815301076,1909f56bfc062723c751e8b465ee728b)  -> (artifact id: '411897beaf87c138eb2612a9b7521830') in 0.075749 seconds 
  Import took 0.086949 seconds .

========================================================================
Received Import Request.
  Time since last request: 15.670949 seconds.
  path: Assets/Prefabs/lv1/SlidingPuzzle&IconSearch.prefab
  artifactKey: Guid(0072c86b14d07084fb1a99bf1139b0dc) Importer(815301076,1909f56bfc062723c751e8b465ee728b)
Start importing Assets/Prefabs/lv1/SlidingPuzzle&IconSearch.prefab using Guid(0072c86b14d07084fb1a99bf1139b0dc) Importer(815301076,1909f56bfc062723c751e8b465ee728b)  -> (artifact id: '3a4b13d261db85ed02c84b60ce6769a9') in 0.812854 seconds 
  Import took 0.863158 seconds .

========================================================================
Received Import Request.
  Time since last request: 200.965087 seconds.
  path: Assets/Aset2D/Sprites/Smartphone.png
  artifactKey: Guid(d70bf43e81926574a847b2d151183e48) Importer(815301076,1909f56bfc062723c751e8b465ee728b)
Start importing Assets/Aset2D/Sprites/Smartphone.png using Guid(d70bf43e81926574a847b2d151183e48) Importer(815301076,1909f56bfc062723c751e8b465ee728b)  -> (artifact id: '126f18d4f2b4841ee5b0cc42bbb6611e') in 0.201199 seconds 
  Import took 0.214410 seconds .

========================================================================
Received Import Request.
  Time since last request: 187.353543 seconds.
  path: Assets/Aset2D/Sprites/bar sliding.png
  artifactKey: Guid(f7976d1299a0ff1428adc2f3d314d404) Importer(815301076,1909f56bfc062723c751e8b465ee728b)
Start importing Assets/Aset2D/Sprites/bar sliding.png using Guid(f7976d1299a0ff1428adc2f3d314d404) Importer(815301076,1909f56bfc062723c751e8b465ee728b)  -> (artifact id: 'b84cd7b2d34f8eb349e45a94df342d98') in 0.073335 seconds 
  Import took 0.080958 seconds .

========================================================================
Received Import Request.
  Time since last request: 14.838524 seconds.
  path: Assets/Aset2D/Sprites
  artifactKey: Guid(fe7361c0a83f1604f9c32f3348e47f39) Importer(815301076,1909f56bfc062723c751e8b465ee728b)
Start importing Assets/Aset2D/Sprites using Guid(fe7361c0a83f1604f9c32f3348e47f39) Importer(815301076,1909f56bfc062723c751e8b465ee728b)  -> (artifact id: '4767a42941880285921547623a4d73c8') in 0.053186 seconds 
  Import took 0.084056 seconds .

========================================================================
Received Import Request.
  Time since last request: 630.892654 seconds.
  path: Assets/Prefabs/lv2/SlidingPuzzle&IconSearch 1.prefab
  artifactKey: Guid(37dec5e5e71f73444b50117a7e4f7226) Importer(815301076,1909f56bfc062723c751e8b465ee728b)
Start importing Assets/Prefabs/lv2/SlidingPuzzle&IconSearch 1.prefab using Guid(37dec5e5e71f73444b50117a7e4f7226) Importer(815301076,1909f56bfc062723c751e8b465ee728b)  -> (artifact id: '8de95fe8b6fb4c4efe2819cf39b2472c') in 0.856505 seconds 
  Import took 0.913183 seconds .

========================================================================
Received Import Request.
  Time since last request: 27.339551 seconds.
  path: Assets/Prefabs/lv1/SlidingPuzzle&IconSearch.prefab
  artifactKey: Guid(0072c86b14d07084fb1a99bf1139b0dc) Importer(815301076,1909f56bfc062723c751e8b465ee728b)
Start importing Assets/Prefabs/lv1/SlidingPuzzle&IconSearch.prefab using Guid(0072c86b14d07084fb1a99bf1139b0dc) Importer(815301076,1909f56bfc062723c751e8b465ee728b)  -> (artifact id: 'cf2132fd2724a27fe676ead528fb7e56') in 2.995777 seconds 
  Import took 3.038219 seconds .

========================================================================
Received Import Request.
  Time since last request: 10.668882 seconds.
  path: Assets/Prefabs/lv2/SlidingPuzzle&IconSearch.prefab
  artifactKey: Guid(4c3b2b22455f7584b84fcf9f4a14daf4) Importer(815301076,1909f56bfc062723c751e8b465ee728b)
Start importing Assets/Prefabs/lv2/SlidingPuzzle&IconSearch.prefab using Guid(4c3b2b22455f7584b84fcf9f4a14daf4) Importer(815301076,1909f56bfc062723c751e8b465ee728b)  -> (artifact id: '0fc4ba021e6752e59799093c7a41b880') in 0.643206 seconds 
  Import took 0.703275 seconds .

========================================================================
Received Import Request.
  Time since last request: 23.683217 seconds.
  path: Assets/Prefabs/lv2/SlidingPuzzle&IconSearch 1.prefab
  artifactKey: Guid(37dec5e5e71f73444b50117a7e4f7226) Importer(815301076,1909f56bfc062723c751e8b465ee728b)
Start importing Assets/Prefabs/lv2/SlidingPuzzle&IconSearch 1.prefab using Guid(37dec5e5e71f73444b50117a7e4f7226) Importer(815301076,1909f56bfc062723c751e8b465ee728b)  -> (artifact id: '6d7b923722771b5f7445a6d55f90787f') in 0.663726 seconds 
  Import took 0.727653 seconds .

========================================================================
Received Import Request.
  Time since last request: 0.118138 seconds.
  path: Assets/Prefabs/lv2/SlidingPuzzle&IconSearch.prefab
  artifactKey: Guid(4c3b2b22455f7584b84fcf9f4a14daf4) Importer(815301076,1909f56bfc062723c751e8b465ee728b)
Start importing Assets/Prefabs/lv2/SlidingPuzzle&IconSearch.prefab using Guid(4c3b2b22455f7584b84fcf9f4a14daf4) Importer(815301076,1909f56bfc062723c751e8b465ee728b)  -> (artifact id: 'd462a6affb1c1580f41a8241093de98a') in 0.628928 seconds 
  Import took 0.718009 seconds .

========================================================================
Received Import Request.
  Time since last request: 3.467237 seconds.
  path: Assets/Prefabs/lv3/SlidingPuzzle&IconSearch 1.prefab
  artifactKey: Guid(adff6a98f60e56341aa6c3ba5763db8f) Importer(815301076,1909f56bfc062723c751e8b465ee728b)
Start importing Assets/Prefabs/lv3/SlidingPuzzle&IconSearch 1.prefab using Guid(adff6a98f60e56341aa6c3ba5763db8f) Importer(815301076,1909f56bfc062723c751e8b465ee728b)  -> (artifact id: '6b99cc58dd246e28a8d71e9c76b77683') in 0.602478 seconds 
  Import took 0.680361 seconds .

========================================================================
Received Import Request.
  Time since last request: 23.354959 seconds.
  path: Assets/Prefabs/lv3/SlidingPuzzle&IconSearch.prefab
  artifactKey: Guid(fcbf3f3203dfba249892226b8483124f) Importer(815301076,1909f56bfc062723c751e8b465ee728b)
Start importing Assets/Prefabs/lv3/SlidingPuzzle&IconSearch.prefab using Guid(fcbf3f3203dfba249892226b8483124f) Importer(815301076,1909f56bfc062723c751e8b465ee728b)  -> (artifact id: 'f0413e8390a2b257bab42cc29cada17b') in 0.791723 seconds 
  Import took 0.835541 seconds .

========================================================================
Received Import Request.
  Time since last request: 44.664969 seconds.
  path: Assets/Aset2D/aset puzzle sliding pattern/lv1/Button view.png
  artifactKey: Guid(dd456d6e75c02ad4aa70d6a950821401) Importer(815301076,1909f56bfc062723c751e8b465ee728b)
Start importing Assets/Aset2D/aset puzzle sliding pattern/lv1/Button view.png using Guid(dd456d6e75c02ad4aa70d6a950821401) Importer(815301076,1909f56bfc062723c751e8b465ee728b)  -> (artifact id: '03572dee8162dacf005223f4552b65db') in 0.160995 seconds 
  Import took 0.197025 seconds .

========================================================================
Received Import Request.
  Time since last request: 63.577599 seconds.
  path: Assets/Aset2D/Button/tombol skill pesawat tak terlihat dan menambah aspd.png
  artifactKey: Guid(3adf09c97f459fc47bf8579398f493b5) Importer(815301076,1909f56bfc062723c751e8b465ee728b)
Start importing Assets/Aset2D/Button/tombol skill pesawat tak terlihat dan menambah aspd.png using Guid(3adf09c97f459fc47bf8579398f493b5) Importer(815301076,1909f56bfc062723c751e8b465ee728b)  -> (artifact id: 'bddc6ad7ae6edafd55a207ce9c9b73d6') in 0.070574 seconds 
  Import took 0.103499 seconds .

========================================================================
Received Import Request.
  Time since last request: 1.494500 seconds.
  path: Assets/Aset2D/Button/tombol skill menjadi tak terlihat.png
  artifactKey: Guid(18826b8621fc7ea4780702bbb5de2ddc) Importer(815301076,1909f56bfc062723c751e8b465ee728b)
Start importing Assets/Aset2D/Button/tombol skill menjadi tak terlihat.png using Guid(18826b8621fc7ea4780702bbb5de2ddc) Importer(815301076,1909f56bfc062723c751e8b465ee728b)  -> (artifact id: '48575c80d819ae68ebde6d0dbe3345c2') in 0.077666 seconds 
  Import took 0.102543 seconds .

========================================================================
Received Import Request.
  Time since last request: 2.095027 seconds.
  path: Assets/Aset2D/Button/tombol skill distract pengawas.png
  artifactKey: Guid(2ccb91b3b3ba3fc4e9a2627475d9161f) Importer(815301076,1909f56bfc062723c751e8b465ee728b)
Start importing Assets/Aset2D/Button/tombol skill distract pengawas.png using Guid(2ccb91b3b3ba3fc4e9a2627475d9161f) Importer(815301076,1909f56bfc062723c751e8b465ee728b)  -> (artifact id: '153af642496dbe8f5743b3e1a9fe6725') in 0.081746 seconds 
  Import took 0.121028 seconds .

========================================================================
Received Import Request.
  Time since last request: 0.649696 seconds.
  path: Assets/Aset2D/Button/tombol skill freeze pengawas.png
  artifactKey: Guid(bb70a8672a821a44d8636ca88c28bfdf) Importer(815301076,1909f56bfc062723c751e8b465ee728b)
Start importing Assets/Aset2D/Button/tombol skill freeze pengawas.png using Guid(bb70a8672a821a44d8636ca88c28bfdf) Importer(815301076,1909f56bfc062723c751e8b465ee728b)  -> (artifact id: '37c39d6dc52a2f109b7fbc62e2eccf48') in 0.078037 seconds 
  Import took 0.104547 seconds .

========================================================================
Received Import Request.
  Time since last request: 1.373614 seconds.
  path: Assets/Aset2D/Button/tombol skill add time.png
  artifactKey: Guid(8b1be1a1eff18ee429bad5c95f7cb3a0) Importer(815301076,1909f56bfc062723c751e8b465ee728b)
Start importing Assets/Aset2D/Button/tombol skill add time.png using Guid(8b1be1a1eff18ee429bad5c95f7cb3a0) Importer(815301076,1909f56bfc062723c751e8b465ee728b)  -> (artifact id: 'cf24c9a6ac327f2a999314aa6a94d18d') in 0.081567 seconds 
  Import took 0.090685 seconds .

========================================================================
Received Import Request.
  Time since last request: 51.095850 seconds.
  path: Assets/Prefabs/lv1/SlidingPuzzle&IconSearch.prefab
  artifactKey: Guid(0072c86b14d07084fb1a99bf1139b0dc) Importer(815301076,1909f56bfc062723c751e8b465ee728b)
Start importing Assets/Prefabs/lv1/SlidingPuzzle&IconSearch.prefab using Guid(0072c86b14d07084fb1a99bf1139b0dc) Importer(815301076,1909f56bfc062723c751e8b465ee728b)  -> (artifact id: 'dbc096b3f797f4332603b2b6b2725690') in 0.942118 seconds 
  Import took 1.004051 seconds .

========================================================================
Received Import Request.
  Time since last request: 91.257525 seconds.
  path: Assets/sprites/Icon searching EX
  artifactKey: Guid(151ae06f6a2808244969929db15d34fa) Importer(815301076,1909f56bfc062723c751e8b465ee728b)
Start importing Assets/sprites/Icon searching EX using Guid(151ae06f6a2808244969929db15d34fa) Importer(815301076,1909f56bfc062723c751e8b465ee728b)  -> (artifact id: '1791d24f0eae9209069b6665b7232af5') in 0.023830 seconds 
  Import took 0.051026 seconds .

========================================================================
Received Prepare
Registering precompiled user dll's ...
Registered in 0.068228 seconds.
Begin MonoManager ReloadAssembly
Native extension for WindowsStandalone target not found
Refreshing native plugins compatible for Editor in 2.69 ms, found 2 plugins.
Preloading 0 native plugins for Editor in 0.00 ms.
Mono: successfully reloaded assembly
- Completed reload, in  3.264 seconds
Domain Reload Profiling:
	ReloadAssembly (3265ms)
		BeginReloadAssembly (307ms)
			ExecutionOrderSort (0ms)
			DisableScriptedObjects (14ms)
			BackupInstance (0ms)
			ReleaseScriptingObjects (0ms)
			CreateAndSetChildDomain (112ms)
		EndReloadAssembly (2728ms)
			LoadAssemblies (283ms)
			RebuildTransferFunctionScriptingTraits (0ms)
			SetupTypeCache (982ms)
			ReleaseScriptCaches (3ms)
			RebuildScriptCaches (124ms)
			SetupLoadedEditorAssemblies (1092ms)
				LogAssemblyErrors (0ms)
				InitializePlatformSupportModulesInManaged (10ms)
				SetLoadedEditorAssemblies (1ms)
				RefreshPlugins (3ms)
				BeforeProcessingInitializeOnLoad (306ms)
				ProcessInitializeOnLoadAttributes (655ms)
				ProcessInitializeOnLoadMethodAttributes (104ms)
				AfterProcessingInitializeOnLoad (13ms)
				EditorAssembliesLoaded (0ms)
			ExecutionOrderSort2 (0ms)
			AwakeInstancesAfterBackupRestoration (20ms)
Platform modules already initialized, skipping
Refreshing native plugins compatible for Editor in 2.16 ms, found 2 plugins.
Preloading 0 native plugins for Editor in 0.00 ms.
Unloading 2261 Unused Serialized files (Serialized files now loaded: 0)
System memory in use before: 106.6 MB.
System memory in use after: 106.8 MB.

Unloading 51 unused Assets to reduce memory usage. Loaded Objects now: 2754.
Total: 13.545200 ms (FindLiveObjects: 0.551800 ms CreateObjectMapping: 0.267000 ms MarkObjects: 12.621200 ms  DeleteObjects: 0.101500 ms)

AssetImportParameters requested are different than current active one (requested -> active):
  custom:framework-win-MediaFoundation: 216162199b28c13a410421893ffa2e32 -> 
  custom:video-decoder-ogg-theora: a1e56fd34408186e4bbccfd4996cb3dc -> 
  custom:container-muxer-webm: aa71ff27fc2769a1b78a27578f13a17b -> 
  custom:container-demuxer-webm: 4f35f7cbe854078d1ac9338744f61a02 -> 
  custom:container-demuxer-ogg: 62fdf1f143b41e24485cea50d1cbac27 -> 
  custom:video-encoder-webm-vp8: eb34c28f22e8b96e1ab97ce403110664 -> 
  custom:video-decoder-webm-vp8: 9c59270c3fd7afecdb556c50c9e8de78 -> 
  custom:audio-decoder-ogg-vorbis: bf7c407c2cedff20999df2af8eb42d56 -> 
  custom:audio-encoder-webm-vorbis: bf7c407c2cedff20999df2af8eb42d56 -> 
========================================================================
Received Import Request.
  Time since last request: 2055.451920 seconds.
  path: Assets/Scenes/Level 1.unity
  artifactKey: Guid(54977574eb60dc945855005c94247d88) Importer(815301076,1909f56bfc062723c751e8b465ee728b)
Start importing Assets/Scenes/Level 1.unity using Guid(54977574eb60dc945855005c94247d88) Importer(815301076,1909f56bfc062723c751e8b465ee728b)  -> (artifact id: '9297a050e46e2275cafda0988fa001dc') in 0.069342 seconds 
  Import took 0.126580 seconds .

========================================================================
Received Import Request.
  Time since last request: 172.063770 seconds.
  path: Assets/Scenes/Level 1.unity
  artifactKey: Guid(54977574eb60dc945855005c94247d88) Importer(815301076,1909f56bfc062723c751e8b465ee728b)
Start importing Assets/Scenes/Level 1.unity using Guid(54977574eb60dc945855005c94247d88) Importer(815301076,1909f56bfc062723c751e8b465ee728b)  -> (artifact id: 'cdbcc061259c0d1d46aa9ec1d0e76a5e') in 0.016743 seconds 
  Import took 0.069891 seconds .

========================================================================
Received Prepare
Registering precompiled user dll's ...
Registered in 0.054400 seconds.
Begin MonoManager ReloadAssembly
Native extension for WindowsStandalone target not found
Refreshing native plugins compatible for Editor in 6.64 ms, found 2 plugins.
Preloading 0 native plugins for Editor in 0.00 ms.
Mono: successfully reloaded assembly
- Completed reload, in  2.819 seconds
Domain Reload Profiling:
	ReloadAssembly (2820ms)
		BeginReloadAssembly (272ms)
			ExecutionOrderSort (0ms)
			DisableScriptedObjects (14ms)
			BackupInstance (0ms)
			ReleaseScriptingObjects (0ms)
			CreateAndSetChildDomain (88ms)
		EndReloadAssembly (2410ms)
			LoadAssemblies (232ms)
			RebuildTransferFunctionScriptingTraits (0ms)
			SetupTypeCache (852ms)
			ReleaseScriptCaches (3ms)
			RebuildScriptCaches (104ms)
			SetupLoadedEditorAssemblies (1024ms)
				LogAssemblyErrors (0ms)
				InitializePlatformSupportModulesInManaged (13ms)
				SetLoadedEditorAssemblies (2ms)
				RefreshPlugins (7ms)
				BeforeProcessingInitializeOnLoad (272ms)
				ProcessInitializeOnLoadAttributes (623ms)
				ProcessInitializeOnLoadMethodAttributes (95ms)
				AfterProcessingInitializeOnLoad (13ms)
				EditorAssembliesLoaded (0ms)
			ExecutionOrderSort2 (0ms)
			AwakeInstancesAfterBackupRestoration (26ms)
Platform modules already initialized, skipping
Refreshing native plugins compatible for Editor in 1.92 ms, found 2 plugins.
Preloading 0 native plugins for Editor in 0.00 ms.
Unloading 2261 Unused Serialized files (Serialized files now loaded: 0)
System memory in use before: 106.6 MB.
System memory in use after: 106.8 MB.

Unloading 49 unused Assets to reduce memory usage. Loaded Objects now: 2756.
Total: 22.275500 ms (FindLiveObjects: 0.692800 ms CreateObjectMapping: 0.328700 ms MarkObjects: 21.171600 ms  DeleteObjects: 0.078100 ms)

AssetImportParameters requested are different than current active one (requested -> active):
  custom:framework-win-MediaFoundation: 216162199b28c13a410421893ffa2e32 -> 
  custom:video-decoder-ogg-theora: a1e56fd34408186e4bbccfd4996cb3dc -> 
  custom:container-muxer-webm: aa71ff27fc2769a1b78a27578f13a17b -> 
  custom:container-demuxer-webm: 4f35f7cbe854078d1ac9338744f61a02 -> 
  custom:container-demuxer-ogg: 62fdf1f143b41e24485cea50d1cbac27 -> 
  custom:video-encoder-webm-vp8: eb34c28f22e8b96e1ab97ce403110664 -> 
  custom:video-decoder-webm-vp8: 9c59270c3fd7afecdb556c50c9e8de78 -> 
  custom:audio-decoder-ogg-vorbis: bf7c407c2cedff20999df2af8eb42d56 -> 
  custom:audio-encoder-webm-vorbis: bf7c407c2cedff20999df2af8eb42d56 -> 
========================================================================
Received Import Request.
  Time since last request: 419.576022 seconds.
  path: Assets/Scenes/Level 4.unity
  artifactKey: Guid(65f481d539d8a7f43815f8a66b49687e) Importer(815301076,1909f56bfc062723c751e8b465ee728b)
Start importing Assets/Scenes/Level 4.unity using Guid(65f481d539d8a7f43815f8a66b49687e) Importer(815301076,1909f56bfc062723c751e8b465ee728b)  -> (artifact id: '173f690a1a8af3ec8376c76a8e3bedda') in 0.093891 seconds 
  Import took 0.134979 seconds .

========================================================================
Received Import Request.
  Time since last request: 14.893606 seconds.
  path: Assets/Scenes/Level 1 untuk Screnshot doang.unity
  artifactKey: Guid(65f481d539d8a7f43815f8a66b49687e) Importer(815301076,1909f56bfc062723c751e8b465ee728b)
Start importing Assets/Scenes/Level 1 untuk Screnshot doang.unity using Guid(65f481d539d8a7f43815f8a66b49687e) Importer(815301076,1909f56bfc062723c751e8b465ee728b)  -> (artifact id: '9681fb3c13bb518a49074482cb51e14b') in 0.053295 seconds 
  Import took 0.078789 seconds .

========================================================================
Received Import Request.
  Time since last request: 16.358072 seconds.
  path: Assets/Scenes/Level 1.unity
  artifactKey: Guid(54977574eb60dc945855005c94247d88) Importer(815301076,1909f56bfc062723c751e8b465ee728b)
Start importing Assets/Scenes/Level 1.unity using Guid(54977574eb60dc945855005c94247d88) Importer(815301076,1909f56bfc062723c751e8b465ee728b)  -> (artifact id: 'a78b50728eda8cfd6b8f99fb0b9606c7') in 0.017327 seconds 
  Import took 0.078247 seconds .

========================================================================
Received Import Request.
  Time since last request: 10.341785 seconds.
  path: Assets/Scenes/Level 2.unity
  artifactKey: Guid(b64768f7f88499545aa454d4f5cb829a) Importer(815301076,1909f56bfc062723c751e8b465ee728b)
Start importing Assets/Scenes/Level 2.unity using Guid(b64768f7f88499545aa454d4f5cb829a) Importer(815301076,1909f56bfc062723c751e8b465ee728b)  -> (artifact id: '38c6d8cb5f660610695b4dae97d4885c') in 0.017631 seconds 
  Import took 0.026078 seconds .

========================================================================
Received Import Request.
  Time since last request: 2.253167 seconds.
  path: Assets/Scenes/Level 4.unity
  artifactKey: Guid(66fbe863bc7b35c4990970ebcd8ef9fa) Importer(815301076,1909f56bfc062723c751e8b465ee728b)
Start importing Assets/Scenes/Level 4.unity using Guid(66fbe863bc7b35c4990970ebcd8ef9fa) Importer(815301076,1909f56bfc062723c751e8b465ee728b)  -> (artifact id: '36bbc0d89c145779835bdb72850e3026') in 0.068049 seconds 
  Import took 0.089124 seconds .

========================================================================
Received Import Request.
  Time since last request: 8.249112 seconds.
  path: Assets/Scenes/Level 1 untuk ss doang.unity
  artifactKey: Guid(66fbe863bc7b35c4990970ebcd8ef9fa) Importer(815301076,1909f56bfc062723c751e8b465ee728b)
Start importing Assets/Scenes/Level 1 untuk ss doang.unity using Guid(66fbe863bc7b35c4990970ebcd8ef9fa) Importer(815301076,1909f56bfc062723c751e8b465ee728b)  -> (artifact id: 'b4604ebe655c9144de27a198df6610f8') in 0.050621 seconds 
  Import took 0.075546 seconds .

AssetImportWorkerClient::OnTransportError - code=2 error=End of file
